<?xml version="1.0" encoding="UTF-8"?>
<!-- Generated by org.testng.reporters.JUnitXMLReporter -->
<testsuite ignored="3" hostname="Vijaya" failures="3" tests="9" name="TNGGroupsSignInTEST" time="37.075" errors="0" timestamp="10 Mar 2019 19:43:57 GMT">
  <testcase classname="testNGTestScripts.TNGGroupsSignIn" name="verifyUserWithValidUIdBlankPwd" time="2.486">
    <skipped/>
  </testcase> <!-- verifyUserWithValidUIdBlankPwd -->
  <testcase classname="testNGTestScripts.TNGGroupsSignIn" name="verifyUserWithValidUIdBlankPwd" time="2.425">
    <skipped/>
  </testcase> <!-- verifyUserWithValidUIdBlankPwd -->
  <testcase classname="testNGTestScripts.TNGGroupsSignIn" name="verifyUserWithValidUIdBlankPwd" time="2.471">
    <failure type="java.io.FileNotFoundException" message="C:\Users\vijay\eclipse-workspace\test\Book1.xlsx (The system cannot find the path specified)">
      <![CDATA[java.io.FileNotFoundException: C:\Users\vijay\eclipse-workspace\test\Book1.xlsx (The system cannot find the path specified)
at java.base/java.io.FileInputStream.open0(Native Method)
at java.base/java.io.FileInputStream.open(FileInputStream.java:219)
at java.base/java.io.FileInputStream.<init>(FileInputStream.java:157)
at testdata.SignInPageTestData.readExcel(SignInPageTestData.java:35)
at testNGTestScripts.TNGGroupsSignIn.verifyUserWithValidUIdBlankPwd(TNGGroupsSignIn.java:32)
... Removed 25 stack frames]]>
    </failure>
  </testcase> <!-- verifyUserWithValidUIdBlankPwd -->
  <testcase classname="testNGTestScripts.TNGGroupsSignIn" name="verifyUserWithvalidUIdInvalidPwd" time="2.354">
    <skipped/>
  </testcase> <!-- verifyUserWithvalidUIdInvalidPwd -->
  <testcase classname="testNGTestScripts.TNGGroupsSignIn" name="verifyUserWithvalidUIdInvalidPwd" time="2.655">
    <skipped/>
  </testcase> <!-- verifyUserWithvalidUIdInvalidPwd -->
  <testcase classname="testNGTestScripts.TNGGroupsSignIn" name="verifyUserWithvalidUIdInvalidPwd" time="2.373">
    <failure type="java.io.FileNotFoundException" message="C:\Users\vijay\eclipse-workspace\test\Book1.xlsx (The system cannot find the path specified)">
      <![CDATA[java.io.FileNotFoundException: C:\Users\vijay\eclipse-workspace\test\Book1.xlsx (The system cannot find the path specified)
at java.base/java.io.FileInputStream.open0(Native Method)
at java.base/java.io.FileInputStream.open(FileInputStream.java:219)
at java.base/java.io.FileInputStream.<init>(FileInputStream.java:157)
at testdata.SignInPageTestData.readExcel(SignInPageTestData.java:35)
at testNGTestScripts.TNGGroupsSignIn.verifyUserWithvalidUIdInvalidPwd(TNGGroupsSignIn.java:93)
... Removed 25 stack frames]]>
    </failure>
  </testcase> <!-- verifyUserWithvalidUIdInvalidPwd -->
  <testcase classname="testNGTestScripts.TNGGroupsSignIn" name="verifyUserWithvalidUIdPwd" time="2.436">
    <skipped/>
  </testcase> <!-- verifyUserWithvalidUIdPwd -->
  <testcase classname="testNGTestScripts.TNGGroupsSignIn" name="verifyUserWithvalidUIdPwd" time="0.017">
    <skipped/>
  </testcase> <!-- verifyUserWithvalidUIdPwd -->
  <testcase classname="testNGTestScripts.TNGGroupsSignIn" name="verifyUserWithvalidUIdPwd" time="0.003">
    <failure type="org.openqa.selenium.NoSuchSessionException" message="Session ID is null. Using WebDriver after calling quit()?
Build info: version: &amp;apos;unknown&amp;apos;, revision: &amp;apos;unknown&amp;apos;, time: &amp;apos;unknown&amp;apos;
System info: host: &amp;apos;VIJAYA&amp;apos;, ip: &amp;apos;192.168.1.103&amp;apos;, os.name: &amp;apos;Windows 10&amp;apos;, os.arch: &amp;apos;amd64&amp;apos;, os.version: &amp;apos;10.0&amp;apos;, java.version: &amp;apos;11.0.2&amp;apos;
Driver info: driver.version: RemoteWebDriver">
      <![CDATA[org.openqa.selenium.NoSuchSessionException: Session ID is null. Using WebDriver after calling quit()?
Build info: version: 'unknown', revision: 'unknown', time: 'unknown'
System info: host: 'VIJAYA', ip: '192.168.1.103', os.name: 'Windows 10', os.arch: 'amd64', os.version: '10.0', java.version: '11.0.2'
Driver info: driver.version: RemoteWebDriver
at org.openqa.selenium.remote.HttpCommandExecutor.execute(HttpCommandExecutor.java:125)
at org.openqa.selenium.remote.service.DriverCommandExecutor.execute(DriverCommandExecutor.java:83)
at org.openqa.selenium.remote.RemoteWebDriver.execute(RemoteWebDriver.java:552)
at org.openqa.selenium.remote.RemoteWebDriver.findElement(RemoteWebDriver.java:323)
at org.openqa.selenium.remote.RemoteWebDriver.findElementByLinkText(RemoteWebDriver.java:380)
at org.openqa.selenium.By$ByLinkText.findElement(By.java:220)
at org.openqa.selenium.remote.RemoteWebDriver.findElement(RemoteWebDriver.java:315)
at testNGTestScripts.TNGGroupsSignIn.verifyUserWithvalidUIdPwd(TNGGroupsSignIn.java:57)
... Removed 25 stack frames]]>
    </failure>
  </testcase> <!-- verifyUserWithvalidUIdPwd -->
  <testcase classname="testNGTestScripts.TNGSignInVerifyMethodAnnotation" name="verifyUserWithvalidUIdPwd" time="0.0">
    <ignored/>
  </testcase> <!-- verifyUserWithvalidUIdPwd -->
  <testcase classname="testNGTestScripts.TNGSignInVerifyMethodAnnotation" name="verifyUserWithvalidUIdInvalidPwd" time="0.0">
    <ignored/>
  </testcase> <!-- verifyUserWithvalidUIdInvalidPwd -->
  <testcase classname="testNGTestScripts.TNGSignInVerifyMethodAnnotation" name="verifyUserWithValidUIdBlankPwd" time="0.0">
    <ignored/>
  </testcase> <!-- verifyUserWithValidUIdBlankPwd -->
</testsuite> <!-- TNGGroupsSignInTEST -->
